"../../../Engine/Content/BasicShapes/BasicShapeMaterial.uasset" 0
"../../../Engine/Content/Functions/Engine_MaterialFunctions01/Opacity/CameraDepthFade.uasset" 1
"../../../Engine/Content/EngineMaterials/T_Default_Material_Grid_M.uasset" 2
"../../../Engine/Content/EngineMaterials/T_Default_Material_Grid_N.uasset" 3
"../../../Engine/Content/EngineMaterials/WorldGridMaterial.uasset" 4
"E:/unreal/ProjectChick/Content/stat_wall.uasset" 5
"E:/unreal/ProjectChick/Content/stat_wall_DM.uasset" 6
"E:/unreal/ProjectChick/Content/EngineStuff/Geometry/Meshes/CubeMaterial.uasset" 7
"E:/unreal/ProjectChick/Content/EngineStuff/Geometry/Meshes/1M_Cube.uasset" 8
"../../../Engine/Content/EditorBlueprintResources/StandardMacros.uasset" 9
"E:/unreal/ProjectChick/Content/Track.uasset" 10
"E:/unreal/ProjectChick/Content/bp/GameLevel/Bp_RailRoadTrack.uasset" 11
"E:/unreal/ProjectChick/Content/bp/Controllers/normalc.uasset" 12
"E:/unreal/ProjectChick/Content/art/meshes/ar_black.uasset" 13
"E:/unreal/ProjectChick/Content/art/meshes/ar_black_3.uasset" 14
"E:/unreal/ProjectChick/Content/art/meshes/ar_grey.uasset" 15
"E:/unreal/ProjectChick/Content/art/meshes/black_2.uasset" 16
"E:/unreal/ProjectChick/Content/art/meshes/green_glow.uasset" 17
"E:/unreal/ProjectChick/Content/art/meshes/grey_metal.uasset" 18
"E:/unreal/ProjectChick/Content/art/meshes/Assault_rifle_PhysicsAsset.uasset" 19
"E:/unreal/ProjectChick/Content/art/meshes/UE4_Mannequin_Skeleton.uasset" 20
"E:/unreal/ProjectChick/Content/art/meshes/Assault_rifle.uasset" 21
"E:/unreal/ProjectChick/Content/bp/Structs/2dsound.uasset" 22
"E:/unreal/ProjectChick/Content/bp/Structs/GunStats.uasset" 23
"E:/unreal/ProjectChick/Content/bp/Libraries/flib_lewi.uasset" 24
"E:/unreal/ProjectChick/Content/art/mats/Keyboard_Black.uasset" 25
"E:/unreal/ProjectChick/Content/art/Sprites/keye.uasset" 26
"E:/unreal/ProjectChick/Content/art/Sprites/keyr.uasset" 27
"E:/unreal/ProjectChick/Content/art/textures/Tex_LeftClick.uasset" 28
"E:/unreal/ProjectChick/Content/art/textures/Bullet_White_Fill_nop_Bckgrnd.uasset" 29
"E:/unreal/ProjectChick/Content/bp/Ui/AmmoIcon.uasset" 30
"E:/unreal/ProjectChick/Content/bp/Ui/crosshair.uasset" 31
"E:/unreal/ProjectChick/Content/bp/Ui/hud.uasset" 32
"E:/unreal/ProjectChick/Content/sound/Sfx/1911-_45-ACP-Close-Single-Gunshot-B-www_fesliyanstudios_com.uasset" 33
"E:/unreal/ProjectChick/Content/bp/player/FirstPersonCharacter.uasset" 34
"E:/unreal/ProjectChick/Content/art/meshes/Train/Light1Mtl_ObjMat.uasset" 35
"E:/unreal/ProjectChick/Content/art/meshes/Train/Part1089Mtl_ObjMat.uasset" 36
"E:/unreal/ProjectChick/Content/art/meshes/Train/Part16Mtl_ObjMat.uasset" 37
"E:/unreal/ProjectChick/Content/art/meshes/Train/Part1Mtl_ObjMat.uasset" 38
"E:/unreal/ProjectChick/Content/art/meshes/Train/Part25Mtl_ObjMat.uasset" 39
"E:/unreal/ProjectChick/Content/art/meshes/Train/Part4Mtl_ObjMat.uasset" 40
"E:/unreal/ProjectChick/Content/art/meshes/Train/Part679Mtl_ObjMat.uasset" 41
"E:/unreal/ProjectChick/Content/art/meshes/Train/Part67Mtl_ObjMat.uasset" 42
"E:/unreal/ProjectChick/Content/art/meshes/Train/Part877Mtl_ObjMat.uasset" 43
"E:/unreal/ProjectChick/Content/art/meshes/Train/Part94Mtl_ObjMat.uasset" 44
"E:/unreal/ProjectChick/Content/art/meshes/SM_Train.uasset" 45
"E:/unreal/ProjectChick/Content/bp/GameLevel/SM_Train_Blueprint.uasset" 46
"E:/unreal/ProjectChick/Content/bp/AI/Mbp_Enemy.uasset" 47
"../../../Engine/Content/BasicShapes/Cube.uasset" 48
"../../../Engine/Content/EngineMaterials/DefaultMaterial.uasset" 49
"../../../Engine/Content/BasicShapes/Sphere.uasset" 50
"E:/unreal/ProjectChick/Content/bp/AI/Bp_SmallChicken.uasset" 51
"E:/unreal/ProjectChick/Content/bp/AI/Bp_Chicken.uasset" 52
"../../../Engine/Content/Animation/DefaultAnimBoneCompressionSettings.uasset" 53
"E:/unreal/ProjectChick/Content/art/animations/ThirdPerson_Jump.uasset" 54
"E:/unreal/ProjectChick/Content/art/animations/ThirdPersonJump_Loop.uasset" 55
"E:/unreal/ProjectChick/Content/art/animations/ThirdPersonJump_Start.uasset" 56
"E:/unreal/ProjectChick/Content/art/animations/ThirdPersonIdle.uasset" 57
"E:/unreal/ProjectChick/Content/art/animations/ThirdPersonRun.uasset" 58
"E:/unreal/ProjectChick/Content/art/animations/ThirdPersonWalk.uasset" 59
"E:/unreal/ProjectChick/Content/art/animations/ThirdPerson_IdleRun_2D.uasset" 60
"E:/unreal/ProjectChick/Content/art/animations/ThirdPerson_AnimBP.uasset" 61
"../../../Engine/Content/Functions/Engine_MaterialFunctions02/Utility/BlendAngleCorrectedNormals.uasset" 62
"../../../Engine/Content/Functions/MaterialLayerFunctions/MatLayerBlend_NormalBlend.uasset" 63
"../../../Engine/Content/Functions/MaterialLayerFunctions/MatLayerBlend_Simple.uasset" 64
"E:/unreal/ProjectChick/Content/art/textures/UE4_LOGO_CARD.uasset" 65
"E:/unreal/ProjectChick/Content/art/mats/ML_Plastic_Shiny_Beige_LOGO.uasset" 66
"E:/unreal/ProjectChick/Content/EngineStuff/Mannequin/Character/Materials/MaterialLayers/T_ML_Rubber_Blue_01_D.uasset" 67
"E:/unreal/ProjectChick/Content/EngineStuff/Mannequin/Character/Materials/MaterialLayers/T_ML_Rubber_Blue_01_N.uasset" 68
"E:/unreal/ProjectChick/Content/EngineStuff/Mannequin/Character/Materials/MaterialLayers/ML_GlossyBlack_Latex_UE4.uasset" 69
"E:/unreal/ProjectChick/Content/EngineStuff/Mannequin/Character/Materials/MaterialLayers/ML_Plastic_Shiny_Beige.uasset" 70
"E:/unreal/ProjectChick/Content/EngineStuff/Mannequin/Character/Materials/MaterialLayers/T_ML_Aluminum01.uasset" 71
"E:/unreal/ProjectChick/Content/EngineStuff/Mannequin/Character/Materials/MaterialLayers/T_ML_Aluminum01_N.uasset" 72
"E:/unreal/ProjectChick/Content/EngineStuff/Mannequin/Character/Materials/MaterialLayers/ML_SoftMetal_UE4.uasset" 73
"E:/unreal/ProjectChick/Content/art/textures/UE4_Mannequin__normals.uasset" 74
"E:/unreal/ProjectChick/Content/art/textures/UE4_Mannequin_MAT_MASKA.uasset" 75
"E:/unreal/ProjectChick/Content/EngineStuff/Mannequin/Character/Materials/M_UE4Man_Body.uasset" 76
"E:/unreal/ProjectChick/Content/art/textures/UE4Man_Logo_N.uasset" 77
"E:/unreal/ProjectChick/Content/EngineStuff/Mannequin/Character/Materials/M_UE4Man_ChestLogo.uasset" 78
"E:/unreal/ProjectChick/Content/art/meshes/SK_Mannequin_PhysicsAsset.uasset" 79
"E:/unreal/ProjectChick/Content/art/meshes/SK_Mannequin.uasset" 80
"E:/unreal/ProjectChick/Content/bp/player/Bp_Player.uasset" 81
"E:/unreal/ProjectChick/Content/bp/Libraries/Flib.uasset" 82
"E:/unreal/ProjectChick/Content/bp/GameModes/Gm_ThirdPersonGameMode.uasset" 83
"E:/unreal/ProjectChick/Content/bp/Structs/PlayerStatus.uasset" 84
"E:/unreal/ProjectChick/Content/bp/Structs/Item_Save.uasset" 85
"E:/unreal/ProjectChick/Content/bp/Structs/All_itemsSaveDat.uasset" 86
"E:/unreal/ProjectChick/Content/bp/Ui/Lose_Win.uasset" 87
"E:/unreal/ProjectChick/Content/bp/GameLevel/TrainTracksRails_MAt.uasset" 88
"E:/unreal/ProjectChick/Content/bp/GameLevel/TrainTracksWood_Mat.uasset" 89
"E:/unreal/ProjectChick/Content/bp/GameLevel/TrainTracks__1_.uasset" 90
"E:/unreal/ProjectChick/Content/art/animations/ThirdPersonJump_End.uasset" 91
"E:/unreal/ProjectChick/Content/art/textures/T_ML_Rubber_Blue_01_D.uasset" 92
"E:/unreal/ProjectChick/Content/art/textures/T_ML_Rubber_Blue_01_N.uasset" 93
"E:/unreal/ProjectChick/Content/art/mats/ML_GlossyBlack_Latex_UE4.uasset" 94
"E:/unreal/ProjectChick/Content/art/mats/ML_Plastic_Shiny_Beige.uasset" 95
"E:/unreal/ProjectChick/Content/art/mats/ML_Screen.uasset" 96
"E:/unreal/ProjectChick/Content/art/textures/T_ML_Aluminum01.uasset" 97
"E:/unreal/ProjectChick/Content/art/textures/T_ML_Aluminum01_N.uasset" 98
"E:/unreal/ProjectChick/Content/art/mats/ML_SoftMetal_UE4.uasset" 99
"E:/unreal/ProjectChick/Content/art/textures/T_FPGun_M.uasset" 100
"E:/unreal/ProjectChick/Content/art/textures/T_FPGun_N.uasset" 101
"E:/unreal/ProjectChick/Content/art/mats/M_FPGun.uasset" 102
"E:/unreal/ProjectChick/Content/art/animations/Skeletal/SK_FPGun_Skeleton.uasset" 103
"E:/unreal/ProjectChick/Content/art/animations/Skeletal/SK_FPGun.uasset" 104
"E:/unreal/ProjectChick/Content/art/mats/CubeMaterial.uasset" 105
"E:/unreal/ProjectChick/Content/art/meshes/1M_Cube.uasset" 106
"E:/unreal/ProjectChick/Content/art/mats/RampMaterial.uasset" 107
"E:/unreal/ProjectChick/Content/art/meshes/RightArm_StaticMesh.uasset" 108
"E:/unreal/ProjectChick/Content/art/meshes/Bump_StaticMesh.uasset" 109
"E:/unreal/ProjectChick/Content/art/meshes/LeftArm_StaticMesh.uasset" 110
"E:/unreal/ProjectChick/Content/art/meshes/Ramp_StaticMesh.uasset" 111
"E:/unreal/ProjectChick/Content/art/meshes/Linear_Stair_StaticMesh.uasset" 112
"E:/unreal/ProjectChick/Content/art/meshes/1M_Cube_Chamfer.uasset" 113
"E:/unreal/ProjectChick/Content/art/meshes/TemplateFloor.uasset" 114
"E:/unreal/ProjectChick/Content/art/meshes/Train/JNR_D51_Light1Mtl_Obj.uasset" 115
"E:/unreal/ProjectChick/Content/art/meshes/Train/JNR_D51_Part1089Mtl_Obj.uasset" 116
"E:/unreal/ProjectChick/Content/art/meshes/Train/JNR_D51_Part16Mtl_Obj.uasset" 117
"E:/unreal/ProjectChick/Content/art/meshes/Train/JNR_D51_Part1Mtl_Obj.uasset" 118
"E:/unreal/ProjectChick/Content/art/meshes/Train/JNR_D51_Part25Mtl_Obj.uasset" 119
"E:/unreal/ProjectChick/Content/art/meshes/Train/JNR_D51_Part4Mtl_Obj.uasset" 120
"E:/unreal/ProjectChick/Content/art/meshes/Train/JNR_D51_Part679Mtl_Obj.uasset" 121
"E:/unreal/ProjectChick/Content/art/meshes/Train/JNR_D51_Part67Mtl_Obj.uasset" 122
"E:/unreal/ProjectChick/Content/art/meshes/Train/JNR_D51_Part877Mtl_Obj.uasset" 123
"E:/unreal/ProjectChick/Content/art/meshes/Train/JNR_D51_Part94Mtl_Obj.uasset" 124
"E:/unreal/ProjectChick/Content/art/mats/gray.uasset" 125
"E:/unreal/ProjectChick/Content/art/mats/BaseMaterial.uasset" 126
"E:/unreal/ProjectChick/Content/art/mats/FirstPersonProjectileMaterial.uasset" 127
"E:/unreal/ProjectChick/Content/art/mats/FirstPersonProjectileMesh.uasset" 128
"E:/unreal/ProjectChick/Content/art/textures/Bullet_White_Fill_on_Black_Background.uasset" 129
"E:/unreal/ProjectChick/Content/art/textures/orange.uasset" 130
"E:/unreal/ProjectChick/Content/art/textures/orange_Mat.uasset" 131
"E:/unreal/ProjectChick/Content/art/font/impact.uasset" 132
"E:/unreal/ProjectChick/Content/art/font/impact_Font.uasset" 133
"E:/unreal/ProjectChick/Content/art/Sprites/w.uasset" 134
"E:/unreal/ProjectChick/Content/art/Sprites/t.uasset" 135
"E:/unreal/ProjectChick/Content/art/Sprites/key1.uasset" 136
"E:/unreal/ProjectChick/Content/art/Sprites/key2.uasset" 137
"E:/unreal/ProjectChick/Content/art/Sprites/key4.uasset" 138
"E:/unreal/ProjectChick/Content/art/Sprites/keyp.uasset" 139
"E:/unreal/ProjectChick/Content/art/Sprites/key5.uasset" 140
"E:/unreal/ProjectChick/Content/art/Sprites/keyI.uasset" 141
"E:/unreal/ProjectChick/Content/art/Sprites/keyd.uasset" 142
"E:/unreal/ProjectChick/Content/art/Sprites/keya.uasset" 143
"E:/unreal/ProjectChick/Content/art/Sprites/keys.uasset" 144
"E:/unreal/ProjectChick/Content/art/Sprites/keyf.uasset" 145
"E:/unreal/ProjectChick/Content/art/Sprites/keyh.uasset" 146
"E:/unreal/ProjectChick/Content/art/Sprites/keyg.uasset" 147
"E:/unreal/ProjectChick/Content/art/Sprites/keyq.uasset" 148
"E:/unreal/ProjectChick/Content/art/Sprites/keyo.uasset" 149
"E:/unreal/ProjectChick/Content/art/Sprites/keyz.uasset" 150
"E:/unreal/ProjectChick/Content/art/Sprites/keyx.uasset" 151
"E:/unreal/ProjectChick/Content/art/Sprites/keyv.uasset" 152
"E:/unreal/ProjectChick/Content/art/Sprites/keyLeft.uasset" 153
"E:/unreal/ProjectChick/Content/art/Sprites/keyb.uasset" 154
"E:/unreal/ProjectChick/Content/art/Sprites/keyalt.uasset" 155
"E:/unreal/ProjectChick/Content/art/Sprites/keydown.uasset" 156
"E:/unreal/ProjectChick/Content/art/Sprites/keyright.uasset" 157
"E:/unreal/ProjectChick/Content/art/Sprites/Keyboard_Black_Sprite_76.uasset" 158
"E:/unreal/ProjectChick/Content/art/Sprites/Keyboard_Black_Sprite_69.uasset" 159
"../../../Engine/Content/Animation/DefaultAnimCurveCompressionSettings.uasset" 160
"../../../Engine/Content/ArtTools/RenderToTexture/Meshes/S_1_Unit_Plane.uasset" 161
"../../../Engine/Content/BasicShapes/Cone.uasset" 162
"../../../Engine/Content/BasicShapes/Plane.uasset" 163
"../../../Engine/Content/EditorLandscapeResources/DataLayer.uasset" 164
"../../../Engine/Content/EditorMaterials/MAT_Groups_Toggle.uasset" 165
"../../../Engine/Content/EditorMaterials/MAT_Groups_Visibility.uasset" 166
"../../../Engine/Content/EditorMaterials/PreviewShadowIndicator.uasset" 167
"../../../Engine/Content/EditorMaterials/PreviewShadowIndicatorMaterial.uasset" 168
"../../../Engine/Content/EditorMaterials/MatineeGroups/MAT_ColorTrack.uasset" 169
"../../../Engine/Content/EditorMaterials/MatineeGroups/MAT_Groups_Anim.uasset" 170
"../../../Engine/Content/EditorMaterials/MatineeGroups/MAT_Groups_AudioMaster.uasset" 171
"../../../Engine/Content/EditorMaterials/MatineeGroups/MAT_Groups_Director.uasset" 172
"../../../Engine/Content/EditorMaterials/MatineeGroups/MAT_Groups_Event.uasset" 173
"../../../Engine/Content/EditorMaterials/MatineeGroups/MAT_Groups_Fade.uasset" 174
"../../../Engine/Content/EditorMaterials/MatineeGroups/MAT_Groups_Float.uasset" 175
"../../../Engine/Content/EditorMaterials/MatineeGroups/MAT_Groups_Move.uasset" 176
"../../../Engine/Content/EditorMaterials/MatineeGroups/MAT_Groups_Slomo.uasset" 177
"../../../Engine/Content/EditorMaterials/MatineeGroups/MAT_Groups_Sound.uasset" 178
"../../../Engine/Content/EditorMaterials/MatineeGroups/MAT_Groups_Vector.uasset" 179
"../../../Engine/Content/EditorMaterials/ParticleSystems/PSysThumbnail_NoImage.uasset" 180
"../../../Engine/Content/EditorMaterials/ParticleSystems/PSysThumbnail_OOD.uasset" 181
"../../../Engine/Content/EditorMaterials/Camera/CineMat.uasset" 182
"../../../Engine/Content/EditorMaterials/Camera/MI_CineMat_Rig.uasset" 183
"../../../Engine/Content/EditorMeshes/Camera/SM_CraneRig_Arm.uasset" 184
"../../../Engine/Content/EditorMeshes/Camera/SM_CraneRig_Base.uasset" 185
"../../../Engine/Content/EditorMeshes/Camera/SM_CraneRig_Body.uasset" 186
"../../../Engine/Content/EditorMeshes/Camera/SM_CraneRig_Mount.uasset" 187
"../../../Engine/Content/EditorMeshes/Camera/SM_RailRig_Mount.uasset" 188
"../../../Engine/Content/EditorMeshes/Camera/SM_RailRig_Track.uasset" 189
"../../../Engine/Content/EditorResources/BSPVertex.uasset" 190
"../../../Engine/Content/EditorResources/EmptyActor.uasset" 191
"../../../Engine/Content/EditorResources/S_Actor.uasset" 192
"../../../Engine/Content/EditorResources/S_Note.uasset" 193
"../../../Engine/Content/EditorResources/S_Solver.uasset" 194
"../../../Engine/Content/EditorResources/S_Trigger.uasset" 195
"../../../Engine/Content/EditorResources/LightIcons/S_LightError.uasset" 196
"../../../Engine/Content/EditorResources/SequenceRecorder/Countdown.uasset" 197
"../../../Engine/Content/EditorResources/SequenceRecorder/RecordingIndicator.uasset" 198
"../../../Engine/Content/EditorSounds/Notifications/CompileFailed.uasset" 199
"../../../Engine/Content/EditorSounds/Notifications/CompileFailed_Cue.uasset" 200
"../../../Engine/Content/EditorSounds/Notifications/CompileSuccess.uasset" 201
"../../../Engine/Content/EditorSounds/Notifications/CompileStart_Cue.uasset" 202
"../../../Engine/Content/EditorSounds/Notifications/CompileSuccess_Cue.uasset" 203
"../../../Engine/Content/EngineDamageTypes/DmgTypeBP_Environmental.uasset" 204
"../../../Engine/Content/EngineDebugMaterials/DebugEditorMaterial.uasset" 205
"../../../Engine/Content/EngineDebugMaterials/DebugMeshMaterial.uasset" 206
"../../../Engine/Content/EngineDebugMaterials/M_SimpleUnlitTranslucent.uasset" 207
"../../../Engine/Content/Functions/Engine_MaterialFunctions02/Utility/CameraDirectionVector.uasset" 208
"../../../Engine/Content/EngineDebugMaterials/VolumeToRender.uasset" 209
"../../../Engine/Content/EngineDebugMaterials/M_VolumeRenderSphereTracePP.uasset" 210
"../../../Engine/Content/EngineDebugMaterials/WireframeMaterial.uasset" 211
"../../../Engine/Content/EngineFonts/Faces/DroidSansFallback.uasset" 212
"../../../Engine/Content/EngineFonts/Faces/RobotoBold.uasset" 213
"../../../Engine/Content/EngineFonts/Faces/RobotoBoldItalic.uasset" 214
"../../../Engine/Content/EngineFonts/Faces/RobotoItalic.uasset" 215
"../../../Engine/Content/EngineFonts/Faces/RobotoLight.uasset" 216
"../../../Engine/Content/EngineFonts/Faces/RobotoRegular.uasset" 217
"../../../Engine/Content/EngineFonts/Roboto.uasset" 218
"../../../Engine/Content/EngineMaterials/BaseFlattenDiffuseMap.uasset" 219
"../../../Engine/Content/EngineMaterials/BaseFlattenEmissiveMap.uasset" 220
"../../../Engine/Content/EngineMaterials/BaseFlattenGrayscaleMap.uasset" 221
"../../../Engine/Content/EngineMaterials/BaseFlattenNormalMap.uasset" 222
"../../../Engine/Content/EngineMaterials/BaseFlattenMaterial.uasset" 223
"../../../Engine/Content/EngineMaterials/BlueNoise.uasset" 224
"../../../Engine/Content/EngineMaterials/DefaultBloomKernel.uasset" 225
"../../../Engine/Content/EngineMaterials/DefaultBokeh.uasset" 226
"../../../Engine/Content/EngineMaterials/DefaultDiffuse.uasset" 227
"../../../Engine/Content/EngineMaterials/DefaultDeferredDecalMaterial.uasset" 228
"../../../Engine/Content/EngineMaterials/DefaultLightFunctionMaterial.uasset" 229
"../../../Engine/Content/Functions/Engine_MaterialFunctions02/Utility/BreakOutFloat2Components.uasset" 230
"../../../Engine/Content/EngineMaterials/DefaultPostProcessMaterial.uasset" 231
"../../../Engine/Content/EngineFonts/RobotoDistanceField.uasset" 232
"../../../Engine/Content/EngineMaterials/DefaultTextMaterialOpaque.uasset" 233
"../../../Engine/Content/EngineMaterials/DefaultWhiteGrid.uasset" 234
"../../../Engine/Content/EngineMaterials/DefaultWhiteGrid_Low.uasset" 235
"../../../Engine/Content/EngineMaterials/EmissiveMeshMaterial.uasset" 236
"../../../Engine/Content/EngineMaterials/GizmoMaterial.uasset" 237
"../../../Engine/Content/EngineMaterials/Good64x64TilingNoiseHighFreq.uasset" 238
"../../../Engine/Content/EngineMaterials/MiniFont.uasset" 239
"../../../Engine/Content/EngineMaterials/InvalidLightmapSettings.uasset" 240
"../../../Engine/Content/EngineMaterials/M_InvalidLightmapSettings.uasset" 241
"../../../Engine/Content/Functions/Engine_MaterialFunctions02/WorldPositionOffset/CameraOffset.uasset" 242
"../../../Engine/Content/EngineMaterials/PhAT_JointLimitMaterial.uasset" 243
"../../../Engine/Content/EngineMaterials/PreintegratedSkinBRDF.uasset" 244
"../../../Engine/Content/EngineMaterials/RemoveSurfaceMaterial.uasset" 245
"../../../Engine/Content/EngineResources/WhiteSquareTexture.uasset" 246
"../../../Engine/Content/EngineMaterials/Widget3DPassThrough.uasset" 247
"../../../Engine/Content/EngineMaterials/Widget3DPassThrough_Masked.uasset" 248
"../../../Engine/Content/EngineMaterials/Widget3DPassThrough_Opaque.uasset" 249
"../../../Engine/Content/EngineMaterials/Widget3DPassThrough_Masked_OneSided.uasset" 250
"../../../Engine/Content/EngineMaterials/Widget3DPassThrough_Opaque_OneSided.uasset" 251
"../../../Engine/Content/EngineMaterials/Widget3DPassThrough_Translucent.uasset" 252
"../../../Engine/Content/EngineMaterials/Widget3DPassThrough_Translucent_OneSided.uasset" 253
"../../../Engine/Content/EngineMeshes/Cylinder.uasset" 254
"../../../Engine/Content/EngineMeshes/Sphere.uasset" 255
"../../../Engine/Content/EngineResources/Black.uasset" 256
"../../../Engine/Content/EngineResources/DefaultTexture.uasset" 257
"../../../Engine/Content/EngineResources/DefaultTextureCube.uasset" 258
"../../../Engine/Content/EngineResources/DefaultVolumeTexture2D.uasset" 259
"../../../Engine/Content/EngineResources/DefaultVolumeTexture.uasset" 260
"../../../Engine/Content/EngineResources/GradientTexture0.uasset" 261
"../../../Engine/Content/EngineSounds/Master.uasset" 262
"../../../Engine/Content/Functions/Engine_MaterialFunctions01/Shading/ConvertFromDiffSpec.uasset" 263
"../../../Engine/Content/Functions/Engine_MaterialFunctions01/Shading/PowerToRoughness.uasset" 264
"../../../Engine/Content/Maps/Templates/Thumbnails/Default.uasset" 265
"../../../Engine/Content/Maps/Templates/Thumbnails/TimeOfDay.uasset" 266
"../../../Engine/Content/Maps/Templates/Thumbnails/VR-Basic.uasset" 267
"../../../Engine/Content/MobileResources/T_MobileControls_texture.uasset" 268
"../../../Engine/Content/MobileResources/T_MobileMenu2.uasset" 269
"../../../Engine/Content/MobileResources/HUD/AnalogHat.uasset" 270
"../../../Engine/Content/MobileResources/HUD/VirtualJoystick_Background.uasset" 271
"../../../Engine/Content/MobileResources/HUD/VirtualJoystick_Thumb.uasset" 272
"../../../Engine/Content/MobileResources/HUD/DefaultVirtualJoysticks.uasset" 273
"../../../Engine/Content/MobileResources/HUD/LeftVirtualJoystickOnly.uasset" 274
"../../../Engine/Content/MobileResources/HUD/MobileHUDButton1_off.uasset" 275
"../../../Engine/Content/MobileResources/HUD/MobileHUDButton1_on.uasset" 276
"../../../Engine/Content/MobileResources/HUD/MobileHUDButton2_off.uasset" 277
"../../../Engine/Content/MobileResources/HUD/MobileHUDButton2_on.uasset" 278
"../../../Engine/Content/MobileResources/HUD/MobileHUDButton3.uasset" 279
"../../../Engine/Content/MobileResources/HUD/MobileHUDButtonFire.uasset" 280
"../../../Engine/Content/MobileResources/HUD/MobileHUDDirectionPad.uasset" 281
"../../../Engine/Content/MobileResources/HUD/MobileHUDDirectionPad2.uasset" 282
"../../../Engine/Content/MobileResources/HUD/MobileHUDDirectionPad3.uasset" 283
"../../../Engine/Content/MobileResources/HUD/MobileHUDDirectionStick.uasset" 284
"../../../Engine/Content/MobileResources/HUD/T_Castle_ThumbstickInner.uasset" 285
"../../../Engine/Content/MobileResources/HUD/T_Castle_ThumbstickOutter.uasset" 286
"../../../Engine/Content/Tutorial/ContentIntroCurve.uasset" 287
"../../../Engine/Content/Tutorial/Basics/LevelEditorAttract.uasset" 288
"../../../Engine/Content/Tutorial/Basics/TutorialAssets/icon_tab_Levels_40x.uasset" 289
"../../../Engine/Content/Tutorial/Basics/LevelEditorOverview.uasset" 290
"../../../Engine/Content/VREditor/LaserPointer/VR_LaserPower_01.uasset" 291
"../../../Engine/Content/VREditor/TransformGizmo/TransformGizmoMaterial.uasset" 292
"../../../Engine/Content/VREditor/TransformGizmo/TranslucentTransformGizmoMaterial.uasset" 293
"../../../Engine/Content/VREditor/TransformGizmo/BoundingBoxCorner.uasset" 294
"../../../Engine/Content/VREditor/TransformGizmo/BoundingBoxEdge.uasset" 295
"../../../Engine/Content/VREditor/TransformGizmo/PlaneTranslationHandle.uasset" 296
"../../../Engine/Content/VREditor/TransformGizmo/Main.uasset" 297
"../../../Engine/Content/VREditor/TransformGizmo/Xray.uasset" 298
"../../../Engine/Content/VREditor/TransformGizmo/SM_Sequencer_Key.uasset" 299
"../../../Engine/Content/VREditor/TransformGizmo/SM_Sequencer_Node.uasset" 300
"../../Plugins/2D/Paper2D/Content/PlaceholderTextures/DummySpriteTexture.uasset" 301
"../../Plugins/2D/Paper2D/Content/DummySprite.uasset" 302
"../../Plugins/2D/Paper2D/Content/DefaultPaperTerrainMaterial.uasset" 303
"../../Plugins/2D/Paper2D/Content/DefaultSpriteMaterial.uasset" 304
"../../Plugins/2D/Paper2D/Content/MaskedUnlitSpriteMaterial.uasset" 305
"../../Plugins/2D/Paper2D/Content/OpaqueUnlitSpriteMaterial.uasset" 306
"../../Plugins/FX/Niagara/Content/Enums/ENiagaraBooleanLogicOps.uasset" 307
"../../Plugins/FX/Niagara/Content/Enums/ENiagaraCoordinateSpace.uasset" 308
"../../Plugins/FX/Niagara/Content/Enums/ENiagaraExpansionMode.uasset" 309
"../../Plugins/FX/Niagara/Content/Enums/ENiagaraOrientationAxis.uasset" 310
"../../Plugins/FX/Niagara/Content/Enums/ENiagaraRandomnessMode.uasset" 311
"../../../Engine/Content/Functions/Engine_MaterialFunctions02/Utility/BreakOutFloat4Components.uasset" 312
"../../../Engine/Content/Functions/Engine_MaterialFunctions02/Utility/MakeFloat2.uasset" 313
"../../../Engine/Content/Functions/Engine_MaterialFunctions02/Utility/MakeFloat3.uasset" 314
"../../Plugins/Runtime/Oculus/OculusVR/Content/Materials/OculusMR_ChromaKey.uasset" 315
"../../Plugins/Runtime/Oculus/OculusVR/Content/Materials/OculusMR_ChromaKey_Lit.uasset" 316
"../../Plugins/Runtime/Oculus/OculusVR/Content/Materials/OculusMR_OpaqueColoredMaterial.uasset" 317
"../../Plugins/Runtime/Oculus/OculusVR/Content/Materials/OculusMR_WhiteMaterial.uasset" 318
"E:/unreal/ProjectChick/Content/maps/GoHereWhilePush.umap" 319
"../../../Engine/Content/EngineSky/C_Sky_Cloud_Color.uasset" 320
"../../../Engine/Content/EngineSky/C_Sky_Horizon_Color.uasset" 321
"../../../Engine/Content/EngineSky/C_Sky_Zenith_Color.uasset" 322
"../../../Engine/Content/EngineSky/T_Sky_Blue.uasset" 323
"../../../Engine/Content/EngineSky/T_Sky_Clouds_M.uasset" 324
"../../../Engine/Content/EngineSky/T_Sky_Stars.uasset" 325
"../../../Engine/Content/EngineSky/M_Sky_Panning_Clouds2.uasset" 326
"../../../Engine/Content/EngineSky/SM_SkySphere.uasset" 327
"../../../Engine/Content/EngineSky/BP_Sky_Sphere.uasset" 328
"E:/unreal/ProjectChick/Content/art/mats/brown.uasset" 329
"E:/unreal/ProjectChick/Content/bp/AI/Bp_Boulder.uasset" 330
"E:/unreal/ProjectChick/Content/bp/AI/Bp_MChicken.uasset" 331
"E:/unreal/ProjectChick/Content/bp/AI/Bp_MegaChicken.uasset" 332
"E:/unreal/ProjectChick/Content/bp/GameModes/chick_gamemode.uasset" 333
"E:/unreal/ProjectChick/Content/maps/ThirdPersonExampleMap_BuiltData.uasset" 334
"../../../Engine/Content/BasicShapes/Cylinder.uasset" 335
"../../../Engine/Content/EngineMaterials/DefaultPhysicalMaterial.uasset" 336
"E:/unreal/ProjectChick/Content/maps/ThirdPersonExampleMap.umap" 337
"E:/unreal/ProjectChick/Content/art/mats/default_LayerInfo.uasset" 338
"E:/unreal/ProjectChick/Content/art/mats/green_LayerInfo.uasset" 339
"E:/unreal/ProjectChick/Content/art/mats/Orange2_LayerInfo.uasset" 340
"E:/unreal/ProjectChick/Content/art/mats/orange_LayerInfo.uasset" 341
"E:/unreal/ProjectChick/Content/maps/Map_Main_sharedassets/blue_LayerInfo.uasset" 342
"E:/unreal/ProjectChick/Content/maps/Map_Main_sharedassets/brown_LayerInfo.uasset" 343
"E:/unreal/ProjectChick/Content/maps/Map_Main_sharedassets/Red_LayerInfo.uasset" 344
"E:/unreal/ProjectChick/Content/maps/Map_Main_BuiltData.uasset" 345
"E:/unreal/ProjectChick/Content/art/mats/black.uasset" 346
"../../../Engine/Content/EditorLandscapeResources/LandscapeThumbnailWeightmap.uasset" 347
"../../../Engine/Content/EngineMaterials/DefaultDiffuse_TC_Masks.uasset" 348
"../../../Engine/Content/EngineMaterials/WeightMapPlaceholderTexture.uasset" 349
"E:/unreal/ProjectChick/Content/art/textures/blue.uasset" 350
"E:/unreal/ProjectChick/Content/art/textures/blue2.uasset" 351
"E:/unreal/ProjectChick/Content/art/textures/brown.uasset" 352
"E:/unreal/ProjectChick/Content/art/textures/green.uasset" 353
"E:/unreal/ProjectChick/Content/art/textures/green2.uasset" 354
"E:/unreal/ProjectChick/Content/art/textures/orange2.uasset" 355
"E:/unreal/ProjectChick/Content/art/mats/Lanscape/Mat_Lanscape.uasset" 356
"E:/unreal/ProjectChick/Content/art/textures/brown_Mat.uasset" 357
"E:/unreal/ProjectChick/Content/art/textures/green_Mat.uasset" 358
"E:/unreal/ProjectChick/Content/maps/Map_Main.umap" 359
"../../../Engine/Content/Maps/Entry_BuiltData.uasset" 360
"../../../Engine/Content/Maps/Entry.umap" 361
